<?xml version="1.0" encoding="UTF-8"?>
<testsuite name="hello.GreetingControllerTests" time="2.959" tests="2" errors="0" skipped="0" failures="2">
  <properties>
[...]
</properties>
  <testcase name="noParamGreetingShouldReturnDefaultMessage" classname="hello.GreetingControllerTests" time="2.353">
    <failure message="No value at JSON path &quot;$.content&quot;, exception: No results for path: $[&apos;content&apos;]" type="java.lang.AssertionError">java.lang.AssertionError: No value at JSON path "$.content", exception: No results for path: $['content']
	at org.springframework.test.util.JsonPathExpectationsHelper.evaluateJsonPath(JsonPathExpectationsHelper.java:245)
	at org.springframework.test.util.JsonPathExpectationsHelper.assertValue(JsonPathExpectationsHelper.java:99)
	at org.springframework.test.web.servlet.result.JsonPathResultMatchers$2.match(JsonPathResultMatchers.java:100)
	at org.springframework.test.web.servlet.MockMvc$1.andExpect(MockMvc.java:171)
	at hello.GreetingControllerTests.noParamGreetingShouldReturnDefaultMessage(GreetingControllerTests.java:43)
</failure>
    <system-out><![CDATA[11:31:40.916 [main] DEBUG org.springframework.test.context.junit4.SpringJUnit4ClassRunner - SpringJUnit4ClassRunner constructor called with [class hello.GreetingControllerTests]
11:31:40.927 [main] DEBUG org.springframework.test.context.BootstrapUtils - Instantiating CacheAwareContextLoaderDelegate from class [org.springframework.test.context.cache.DefaultCacheAwareContextLoaderDelegate]
11:31:40.939 [main] DEBUG org.springframework.test.context.BootstrapUtils - Instantiating BootstrapContext using constructor [public org.springframework.test.context.support.DefaultBootstrapContext(java.lang.Class,org.springframework.test.context.CacheAwareContextLoaderDelegate)]
11:31:40.964 [main] DEBUG org.springframework.test.context.BootstrapUtils - Instantiating TestContextBootstrapper for test class [hello.GreetingControllerTests] from class [org.springframework.boot.test.context.SpringBootTestContextBootstrapper]
11:31:40.974 [main] INFO org.springframework.boot.test.context.SpringBootTestContextBootstrapper - Neither @ContextConfiguration nor @ContextHierarchy found for test class [hello.GreetingControllerTests], using SpringBootContextLoader
11:31:40.978 [main] DEBUG org.springframework.test.context.support.AbstractContextLoader - Did not detect default resource location for test class [hello.GreetingControllerTests]: class path resource [hello/GreetingControllerTests-context.xml] does not exist
11:31:40.978 [main] DEBUG org.springframework.test.context.support.AbstractContextLoader - Did not detect default resource location for test class [hello.GreetingControllerTests]: class path resource [hello/GreetingControllerTestsContext.groovy] does not exist
11:31:40.978 [main] INFO org.springframework.test.context.support.AbstractContextLoader - Could not detect default resource locations for test class [hello.GreetingControllerTests]: no resource found for suffixes {-context.xml, Context.groovy}.
11:31:40.979 [main] INFO org.springframework.test.context.support.AnnotationConfigContextLoaderUtils - Could not detect default configuration classes for test class [hello.GreetingControllerTests]: GreetingControllerTests does not declare any static, non-private, non-final, nested classes annotated with @Configuration.
11:31:41.028 [main] DEBUG org.springframework.test.context.support.ActiveProfilesUtils - Could not find an 'annotation declaring class' for annotation type [org.springframework.test.context.ActiveProfiles] and class [hello.GreetingControllerTests]
11:31:41.034 [main] DEBUG org.springframework.core.env.StandardEnvironment - Adding PropertySource 'systemProperties' with lowest search precedence
11:31:41.036 [main] DEBUG org.springframework.core.env.StandardEnvironment - Adding PropertySource 'systemEnvironment' with lowest search precedence
11:31:41.037 [main] DEBUG org.springframework.core.env.StandardEnvironment - Initialized StandardEnvironment with PropertySources [MapPropertySource@1373810119 {name='systemProperties', properties={java.runtime.name=Java(TM) SE Runtime Environment, sun.boot.library.path=C:\Program Files\Java\jdk1.8.0_161\jre\bin, java.vm.version=25.161-b12, java.vm.vendor=Oracle Corporation, java.vendor.url=http://java.oracle.com/, path.separator=;, java.vm.name=Java HotSpot(TM) 64-Bit Server VM, file.encoding.pkg=sun.io, user.country=US, user.script=, sun.java.launcher=SUN_STANDARD, sun.os.patch.level=, java.vm.specification.name=Java Virtual Machine Specification, user.dir=C:\Users\James\git\gs-rest-service\gs-rest-service2, java.runtime.version=1.8.0_161-b12, basedir=C:\Users\James\git\gs-rest-service\gs-rest-service2, java.awt.graphicsenv=sun.awt.Win32GraphicsEnvironment, java.endorsed.dirs=C:\Program Files\Java\jdk1.8.0_161\jre\lib\endorsed, os.arch=amd64, surefire.real.class.path=C:\Users\James\git\gs-rest-service\gs-rest-service2\target\surefire\surefirebooter4622655234198921849.jar, java.io.tmpdir=C:\Users\James\AppData\Local\Temp\, line.separator=
, java.vm.specification.vendor=Oracle Corporation, user.variant=, os.name=Windows 10, sun.jnu.encoding=Cp1252, java.library.path=C:\Program Files\Java\jdk1.8.0_161\jre\bin;C:\WINDOWS\Sun\Java\bin;C:\WINDOWS\system32;C:\WINDOWS;C:/Program Files/Java/jre1.8.0_161/bin/server;C:/Program Files/Java/jre1.8.0_161/bin;C:/Program Files/Java/jre1.8.0_161/lib/amd64;C:\ProgramData\Oracle\Java\javapath;C:\Program Files (x86)\Intel\iCLS Client\;C:\Program Files\Intel\iCLS Client\;C:\Windows\system32;C:\Windows;C:\Windows\System32\Wbem;C:\Windows\System32\WindowsPowerShell\v1.0\;C:\Program Files\Intel\Intel(R) Management Engine Components\DAL;C:\Program Files (x86)\Intel\Intel(R) Management Engine Components\DAL;C:\Program Files\Intel\Intel(R) Management Engine Components\IPT;C:\Program Files (x86)\Intel\Intel(R) Management Engine Components\IPT;C:\Program Files (x86)\QuickTime\QTSystem\;C:\Program Files (x86)\NVIDIA Corporation\PhysX\Common;C:\WINDOWS\system32;C:\WINDOWS;C:\WINDOWS\System32\Wbem;C:\WINDOWS\System32\WindowsPowerShell\v1.0\;C:\Program Files\dotnet\;C:\Program Files\OpenVPN\bin;C:\Program Files\PuTTY\;C:\Program Files (x86)\Skype\Phone\;C:\Users\James\AppData\Local\Microsoft\WindowsApps;;C:\WINDOWS\system32;;., surefire.test.class.path=C:\Users\James\git\gs-rest-service\gs-rest-service2\target\test-classes;C:\Users\James\git\gs-rest-service\gs-rest-service2\target\classes;C:\Users\James\.m2\repository\org\springframework\boot\spring-boot-starter-web\1.5.10.RELEASE\spring-boot-starter-web-1.5.10.RELEASE.jar;C:\Users\James\.m2\repository\org\springframework\boot\spring-boot-starter\1.5.10.RELEASE\spring-boot-starter-1.5.10.RELEASE.jar;C:\Users\James\.m2\repository\org\springframework\boot\spring-boot\1.5.10.RELEASE\spring-boot-1.5.10.RELEASE.jar;C:\Users\James\.m2\repository\org\springframework\boot\spring-boot-autoconfigure\1.5.10.RELEASE\spring-boot-autoconfigure-1.5.10.RELEASE.jar;C:\Users\James\.m2\repository\org\springframework\boot\spring-boot-starter-logging\1.5.10.RELEASE\spring-boot-starter-logging-1.5.10.RELEASE.jar;C:\Users\James\.m2\repository\ch\qos\logback\logback-classic\1.1.11\logback-classic-1.1.11.jar;C:\Users\James\.m2\repository\ch\qos\logback\logback-core\1.1.11\logback-core-1.1.11.jar;C:\Users\James\.m2\repository\org\slf4j\jcl-over-slf4j\1.7.25\jcl-over-slf4j-1.7.25.jar;C:\Users\James\.m2\repository\org\slf4j\jul-to-slf4j\1.7.25\jul-to-slf4j-1.7.25.jar;C:\Users\James\.m2\repository\org\slf4j\log4j-over-slf4j\1.7.25\log4j-over-slf4j-1.7.25.jar;C:\Users\James\.m2\repository\org\yaml\snakeyaml\1.17\snakeyaml-1.17.jar;C:\Users\James\.m2\repository\org\springframework\boot\spring-boot-starter-tomcat\1.5.10.RELEASE\spring-boot-starter-tomcat-1.5.10.RELEASE.jar;C:\Users\James\.m2\repository\org\apache\tomcat\embed\tomcat-embed-core\8.5.27\tomcat-embed-core-8.5.27.jar;C:\Users\James\.m2\repository\org\apache\tomcat\tomcat-annotations-api\8.5.27\tomcat-annotations-api-8.5.27.jar;C:\Users\James\.m2\repository\org\apache\tomcat\embed\tomcat-embed-el\8.5.27\tomcat-embed-el-8.5.27.jar;C:\Users\James\.m2\repository\org\apache\tomcat\embed\tomcat-embed-websocket\8.5.27\tomcat-embed-websocket-8.5.27.jar;C:\Users\James\.m2\repository\org\hibernate\hibernate-validator\5.3.6.Final\hibernate-validator-5.3.6.Final.jar;C:\Users\James\.m2\repository\javax\validation\validation-api\1.1.0.Final\validation-api-1.1.0.Final.jar;C:\Users\James\.m2\repository\org\jboss\logging\jboss-logging\3.3.1.Final\jboss-logging-3.3.1.Final.jar;C:\Users\James\.m2\repository\com\fasterxml\classmate\1.3.4\classmate-1.3.4.jar;C:\Users\James\.m2\repository\com\fasterxml\jackson\core\jackson-databind\2.8.10\jackson-databind-2.8.10.jar;C:\Users\James\.m2\repository\com\fasterxml\jackson\core\jackson-annotations\2.8.0\jackson-annotations-2.8.0.jar;C:\Users\James\.m2\repository\com\fasterxml\jackson\core\jackson-core\2.8.10\jackson-core-2.8.10.jar;C:\Users\James\.m2\repository\org\springframework\spring-web\4.3.14.RELEASE\spring-web-4.3.14.RELEASE.jar;C:\Users\James\.m2\repository\org\springframework\spring-aop\4.3.14.RELEASE\spring-aop-4.3.14.RELEASE.jar;C:\Users\James\.m2\repository\org\springframework\spring-beans\4.3.14.RELEASE\spring-beans-4.3.14.RELEASE.jar;C:\Users\James\.m2\repository\org\springframework\spring-context\4.3.14.RELEASE\spring-context-4.3.14.RELEASE.jar;C:\Users\James\.m2\repository\org\springframework\spring-webmvc\4.3.14.RELEASE\spring-webmvc-4.3.14.RELEASE.jar;C:\Users\James\.m2\repository\org\springframework\spring-expression\4.3.14.RELEASE\spring-expression-4.3.14.RELEASE.jar;C:\Users\James\.m2\repository\org\springframework\boot\spring-boot-starter-test\1.5.10.RELEASE\spring-boot-starter-test-1.5.10.RELEASE.jar;C:\Users\James\.m2\repository\org\springframework\boot\spring-boot-test\1.5.10.RELEASE\spring-boot-test-1.5.10.RELEASE.jar;C:\Users\James\.m2\repository\org\springframework\boot\spring-boot-test-autoconfigure\1.5.10.RELEASE\spring-boot-test-autoconfigure-1.5.10.RELEASE.jar;C:\Users\James\.m2\repository\junit\junit\4.12\junit-4.12.jar;C:\Users\James\.m2\repository\org\assertj\assertj-core\2.6.0\assertj-core-2.6.0.jar;C:\Users\James\.m2\repository\org\mockito\mockito-core\1.10.19\mockito-core-1.10.19.jar;C:\Users\James\.m2\repository\org\objenesis\objenesis\2.1\objenesis-2.1.jar;C:\Users\James\.m2\repository\org\hamcrest\hamcrest-core\1.3\hamcrest-core-1.3.jar;C:\Users\James\.m2\repository\org\hamcrest\hamcrest-library\1.3\hamcrest-library-1.3.jar;C:\Users\James\.m2\repository\org\skyscreamer\jsonassert\1.4.0\jsonassert-1.4.0.jar;C:\Users\James\.m2\repository\com\vaadin\external\google\android-json\0.0.20131108.vaadin1\android-json-0.0.20131108.vaadin1.jar;C:\Users\James\.m2\repository\org\springframework\spring-core\4.3.14.RELEASE\spring-core-4.3.14.RELEASE.jar;C:\Users\James\.m2\repository\org\springframework\spring-test\4.3.14.RELEASE\spring-test-4.3.14.RELEASE.jar;C:\Users\James\.m2\repository\com\jayway\jsonpath\json-path\2.2.0\json-path-2.2.0.jar;C:\Users\James\.m2\repository\net\minidev\json-smart\2.2.1\json-smart-2.2.1.jar;C:\Users\James\.m2\repository\net\minidev\accessors-smart\1.1\accessors-smart-1.1.jar;C:\Users\James\.m2\repository\org\ow2\asm\asm\5.0.3\asm-5.0.3.jar;C:\Users\James\.m2\repository\org\slf4j\slf4j-api\1.7.25\slf4j-api-1.7.25.jar;C:\Users\James\.m2\repository\com\google\code\gson\gson\2.8.2\gson-2.8.2.jar;C:\Users\James\.m2\repository\commons-logging\commons-logging\1.2\commons-logging-1.2.jar;C:\Users\James\.m2\repository\org\apache\httpcomponents\httpclient\4.5.5\httpclient-4.5.5.jar;C:\Users\James\.m2\repository\commons-codec\commons-codec\1.10\commons-codec-1.10.jar;C:\Users\James\.m2\repository\org\apache\httpcomponents\httpcore\4.4.9\httpcore-4.4.9.jar;, java.specification.name=Java Platform API Specification, java.class.version=52.0, sun.management.compiler=HotSpot 64-Bit Tiered Compilers, os.version=10.0, user.home=C:\Users\James, user.timezone=America/New_York, java.awt.printerjob=sun.awt.windows.WPrinterJob, file.encoding=Cp1252, java.specification.version=1.8, java.class.path=C:\Users\James\git\gs-rest-service\gs-rest-service2\target\test-classes;C:\Users\James\git\gs-rest-service\gs-rest-service2\target\classes;C:\Users\James\.m2\repository\org\springframework\boot\spring-boot-starter-web\1.5.10.RELEASE\spring-boot-starter-web-1.5.10.RELEASE.jar;C:\Users\James\.m2\repository\org\springframework\boot\spring-boot-starter\1.5.10.RELEASE\spring-boot-starter-1.5.10.RELEASE.jar;C:\Users\James\.m2\repository\org\springframework\boot\spring-boot\1.5.10.RELEASE\spring-boot-1.5.10.RELEASE.jar;C:\Users\James\.m2\repository\org\springframework\boot\spring-boot-autoconfigure\1.5.10.RELEASE\spring-boot-autoconfigure-1.5.10.RELEASE.jar;C:\Users\James\.m2\repository\org\springframework\boot\spring-boot-starter-logging\1.5.10.RELEASE\spring-boot-starter-logging-1.5.10.RELEASE.jar;C:\Users\James\.m2\repository\ch\qos\logback\logback-classic\1.1.11\logback-classic-1.1.11.jar;C:\Users\James\.m2\repository\ch\qos\logback\logback-core\1.1.11\logback-core-1.1.11.jar;C:\Users\James\.m2\repository\org\slf4j\jcl-over-slf4j\1.7.25\jcl-over-slf4j-1.7.25.jar;C:\Users\James\.m2\repository\org\slf4j\jul-to-slf4j\1.7.25\jul-to-slf4j-1.7.25.jar;C:\Users\James\.m2\repository\org\slf4j\log4j-over-slf4j\1.7.25\log4j-over-slf4j-1.7.25.jar;C:\Users\James\.m2\repository\org\yaml\snakeyaml\1.17\snakeyaml-1.17.jar;C:\Users\James\.m2\repository\org\springframework\boot\spring-boot-starter-tomcat\1.5.10.RELEASE\spring-boot-starter-tomcat-1.5.10.RELEASE.jar;C:\Users\James\.m2\repository\org\apache\tomcat\embed\tomcat-embed-core\8.5.27\tomcat-embed-core-8.5.27.jar;C:\Users\James\.m2\repository\org\apache\tomcat\tomcat-annotations-api\8.5.27\tomcat-annotations-api-8.5.27.jar;C:\Users\James\.m2\repository\org\apache\tomcat\embed\tomcat-embed-el\8.5.27\tomcat-embed-el-8.5.27.jar;C:\Users\James\.m2\repository\org\apache\tomcat\embed\tomcat-embed-websocket\8.5.27\tomcat-embed-websocket-8.5.27.jar;C:\Users\James\.m2\repository\org\hibernate\hibernate-validator\5.3.6.Final\hibernate-validator-5.3.6.Final.jar;C:\Users\James\.m2\repository\javax\validation\validation-api\1.1.0.Final\validation-api-1.1.0.Final.jar;C:\Users\James\.m2\repository\org\jboss\logging\jboss-logging\3.3.1.Final\jboss-logging-3.3.1.Final.jar;C:\Users\James\.m2\repository\com\fasterxml\classmate\1.3.4\classmate-1.3.4.jar;C:\Users\James\.m2\repository\com\fasterxml\jackson\core\jackson-databind\2.8.10\jackson-databind-2.8.10.jar;C:\Users\James\.m2\repository\com\fasterxml\jackson\core\jackson-annotations\2.8.0\jackson-annotations-2.8.0.jar;C:\Users\James\.m2\repository\com\fasterxml\jackson\core\jackson-core\2.8.10\jackson-core-2.8.10.jar;C:\Users\James\.m2\repository\org\springframework\spring-web\4.3.14.RELEASE\spring-web-4.3.14.RELEASE.jar;C:\Users\James\.m2\repository\org\springframework\spring-aop\4.3.14.RELEASE\spring-aop-4.3.14.RELEASE.jar;C:\Users\James\.m2\repository\org\springframework\spring-beans\4.3.14.RELEASE\spring-beans-4.3.14.RELEASE.jar;C:\Users\James\.m2\repository\org\springframework\spring-context\4.3.14.RELEASE\spring-context-4.3.14.RELEASE.jar;C:\Users\James\.m2\repository\org\springframework\spring-webmvc\4.3.14.RELEASE\spring-webmvc-4.3.14.RELEASE.jar;C:\Users\James\.m2\repository\org\springframework\spring-expression\4.3.14.RELEASE\spring-expression-4.3.14.RELEASE.jar;C:\Users\James\.m2\repository\org\springframework\boot\spring-boot-starter-test\1.5.10.RELEASE\spring-boot-starter-test-1.5.10.RELEASE.jar;C:\Users\James\.m2\repository\org\springframework\boot\spring-boot-test\1.5.10.RELEASE\spring-boot-test-1.5.10.RELEASE.jar;C:\Users\James\.m2\repository\org\springframework\boot\spring-boot-test-autoconfigure\1.5.10.RELEASE\spring-boot-test-autoconfigure-1.5.10.RELEASE.jar;C:\Users\James\.m2\repository\junit\junit\4.12\junit-4.12.jar;C:\Users\James\.m2\repository\org\assertj\assertj-core\2.6.0\assertj-core-2.6.0.jar;C:\Users\James\.m2\repository\org\mockito\mockito-core\1.10.19\mockito-core-1.10.19.jar;C:\Users\James\.m2\repository\org\objenesis\objenesis\2.1\objenesis-2.1.jar;C:\Users\James\.m2\repository\org\hamcrest\hamcrest-core\1.3\hamcrest-core-1.3.jar;C:\Users\James\.m2\repository\org\hamcrest\hamcrest-library\1.3\hamcrest-library-1.3.jar;C:\Users\James\.m2\repository\org\skyscreamer\jsonassert\1.4.0\jsonassert-1.4.0.jar;C:\Users\James\.m2\repository\com\vaadin\external\google\android-json\0.0.20131108.vaadin1\android-json-0.0.20131108.vaadin1.jar;C:\Users\James\.m2\repository\org\springframework\spring-core\4.3.14.RELEASE\spring-core-4.3.14.RELEASE.jar;C:\Users\James\.m2\repository\org\springframework\spring-test\4.3.14.RELEASE\spring-test-4.3.14.RELEASE.jar;C:\Users\James\.m2\repository\com\jayway\jsonpath\json-path\2.2.0\json-path-2.2.0.jar;C:\Users\James\.m2\repository\net\minidev\json-smart\2.2.1\json-smart-2.2.1.jar;C:\Users\James\.m2\repository\net\minidev\accessors-smart\1.1\accessors-smart-1.1.jar;C:\Users\James\.m2\repository\org\ow2\asm\asm\5.0.3\asm-5.0.3.jar;C:\Users\James\.m2\repository\org\slf4j\slf4j-api\1.7.25\slf4j-api-1.7.25.jar;C:\Users\James\.m2\repository\com\google\code\gson\gson\2.8.2\gson-2.8.2.jar;C:\Users\James\.m2\repository\commons-logging\commons-logging\1.2\commons-logging-1.2.jar;C:\Users\James\.m2\repository\org\apache\httpcomponents\httpclient\4.5.5\httpclient-4.5.5.jar;C:\Users\James\.m2\repository\commons-codec\commons-codec\1.10\commons-codec-1.10.jar;C:\Users\James\.m2\repository\org\apache\httpcomponents\httpcore\4.4.9\httpcore-4.4.9.jar;, user.name=James, java.vm.specification.version=1.8, sun.java.command=C:\Users\James\git\gs-rest-service\gs-rest-service2\target\surefire\surefirebooter4622655234198921849.jar C:\Users\James\git\gs-rest-service\gs-rest-service2\target\surefire\surefire7531956256818618509tmp C:\Users\James\git\gs-rest-service\gs-rest-service2\target\surefire\surefire_05770149352367096777tmp, java.home=C:\Program Files\Java\jdk1.8.0_161\jre, sun.arch.data.model=64, user.language=en, java.specification.vendor=Oracle Corporation, awt.toolkit=sun.awt.windows.WToolkit, java.vm.info=mixed mode, java.version=1.8.0_161, java.ext.dirs=C:\Program Files\Java\jdk1.8.0_161\jre\lib\ext;C:\WINDOWS\Sun\Java\lib\ext, sun.boot.class.path=C:\Program Files\Java\jdk1.8.0_161\jre\lib\resources.jar;C:\Program Files\Java\jdk1.8.0_161\jre\lib\rt.jar;C:\Program Files\Java\jdk1.8.0_161\jre\lib\sunrsasign.jar;C:\Program Files\Java\jdk1.8.0_161\jre\lib\jsse.jar;C:\Program Files\Java\jdk1.8.0_161\jre\lib\jce.jar;C:\Program Files\Java\jdk1.8.0_161\jre\lib\charsets.jar;C:\Program Files\Java\jdk1.8.0_161\jre\lib\jfr.jar;C:\Program Files\Java\jdk1.8.0_161\jre\classes, java.vendor=Oracle Corporation, localRepository=C:\Users\James\.m2\repository, file.separator=\, java.vendor.url.bug=http://bugreport.sun.com/bugreport/, sun.io.unicode.encoding=UnicodeLittle, sun.cpu.endian=little, sun.desktop=windows, sun.cpu.isalist=amd64}}, SystemEnvironmentPropertySource@445288316 {name='systemEnvironment', properties={PATH=C:/Program Files/Java/jre1.8.0_161/bin/server;C:/Program Files/Java/jre1.8.0_161/bin;C:/Program Files/Java/jre1.8.0_161/lib/amd64;C:\ProgramData\Oracle\Java\javapath;C:\Program Files (x86)\Intel\iCLS Client\;C:\Program Files\Intel\iCLS Client\;C:\Windows\system32;C:\Windows;C:\Windows\System32\Wbem;C:\Windows\System32\WindowsPowerShell\v1.0\;C:\Program Files\Intel\Intel(R) Management Engine Components\DAL;C:\Program Files (x86)\Intel\Intel(R) Management Engine Components\DAL;C:\Program Files\Intel\Intel(R) Management Engine Components\IPT;C:\Program Files (x86)\Intel\Intel(R) Management Engine Components\IPT;C:\Program Files (x86)\QuickTime\QTSystem\;C:\Program Files (x86)\NVIDIA Corporation\PhysX\Common;C:\WINDOWS\system32;C:\WINDOWS;C:\WINDOWS\System32\Wbem;C:\WINDOWS\System32\WindowsPowerShell\v1.0\;C:\Program Files\dotnet\;C:\Program Files\OpenVPN\bin;C:\Program Files\PuTTY\;C:\Program Files (x86)\Skype\Phone\;C:\Users\James\AppData\Local\Microsoft\WindowsApps;;C:\WINDOWS\system32;, USERDOMAIN_ROAMINGPROFILE=TECH, LOCALAPPDATA=C:\Users\James\AppData\Local, PROCESSOR_LEVEL=6, SYSTEMDRIVE=C:, COMMONPROGRAMFILES(X86)=C:\Program Files (x86)\Common Files, FP_NO_HOST_CHECK=NO, USERDOMAIN=TECH, FPS_BROWSER_APP_PROFILE_STRING=Internet Explorer, LOGONSERVER=\\TECH, PROMPT=$P$G, SESSIONNAME=Console, ALLUSERSPROFILE=C:\ProgramData, PROGRAMFILES(X86)=C:\Program Files (x86), PROCESSOR_ARCHITECTURE=AMD64, PROGRAMFILES=C:\Program Files, =C:=C:\Users\James\git\gs-rest-service\gs-rest-service2, APPDATA=C:\Users\James\AppData\Roaming, PSMODULEPATH=C:\WINDOWS\system32\WindowsPowerShell\v1.0\Modules\;C:\Program Files\Intel\, PROGRAMW6432=C:\Program Files, PROGRAMDATA=C:\ProgramData, SYSTEMROOT=C:\WINDOWS, USERNAME=James, FPS_BROWSER_USER_PROFILE_STRING=Default, ONEDRIVE=C:\Users\James\OneDrive, PATHEXT=.COM;.EXE;.BAT;.CMD;.VBS;.VBE;.JS;.JSE;.WSF;.WSH;.MSC, OS=Windows_NT, COMMONPROGRAMW6432=C:\Program Files\Common Files, COMPUTERNAME=TECH, COMMONPROGRAMFILES=C:\Program Files\Common Files, COMSPEC=C:\WINDOWS\system32\cmd.exe, ADSK_CLM_WPAD_PROXY_CHECK=FALSE, PROCESSOR_REVISION=3c03, CLASSPATH=.;C:\Program Files (x86)\QuickTime\QTSystem\QTJava.zip, WINDIR=C:\WINDOWS, HOMEPATH=\Users\James, TEMP=C:\Users\James\AppData\Local\Temp, HOMEDRIVE=C:, PROCESSOR_IDENTIFIER=Intel64 Family 6 Model 60 Stepping 3, GenuineIntel, USERPROFILE=C:\Users\James, TMP=C:\Users\James\AppData\Local\Temp, PUBLIC=C:\Users\Public, NUMBER_OF_PROCESSORS=4, =::=::\, QTJAVA=C:\Program Files (x86)\QuickTime\QTSystem\QTJava.zip}}]
11:31:41.059 [main] DEBUG org.springframework.core.io.support.PathMatchingResourcePatternResolver - Resolved classpath location [hello/] to resources [URL [file:/C:/Users/James/git/gs-rest-service/gs-rest-service2/target/test-classes/hello/], URL [file:/C:/Users/James/git/gs-rest-service/gs-rest-service2/target/classes/hello/]]
11:31:41.059 [main] DEBUG org.springframework.core.io.support.PathMatchingResourcePatternResolver - Looking for matching resources in directory tree [C:\Users\James\git\gs-rest-service\gs-rest-service2\target\test-classes\hello]
11:31:41.060 [main] DEBUG org.springframework.core.io.support.PathMatchingResourcePatternResolver - Searching directory [C:\Users\James\git\gs-rest-service\gs-rest-service2\target\test-classes\hello] for files matching pattern [C:/Users/James/git/gs-rest-service/gs-rest-service2/target/test-classes/hello/*.class]
11:31:41.062 [main] DEBUG org.springframework.core.io.support.PathMatchingResourcePatternResolver - Looking for matching resources in directory tree [C:\Users\James\git\gs-rest-service\gs-rest-service2\target\classes\hello]
11:31:41.062 [main] DEBUG org.springframework.core.io.support.PathMatchingResourcePatternResolver - Searching directory [C:\Users\James\git\gs-rest-service\gs-rest-service2\target\classes\hello] for files matching pattern [C:/Users/James/git/gs-rest-service/gs-rest-service2/target/classes/hello/*.class]
11:31:41.064 [main] DEBUG org.springframework.core.io.support.PathMatchingResourcePatternResolver - Resolved location pattern [classpath*:hello/*.class] to resources [file [C:\Users\James\git\gs-rest-service\gs-rest-service2\target\test-classes\hello\GreetingControllerTests.class], file [C:\Users\James\git\gs-rest-service\gs-rest-service2\target\classes\hello\Application.class], file [C:\Users\James\git\gs-rest-service\gs-rest-service2\target\classes\hello\Greeting.class], file [C:\Users\James\git\gs-rest-service\gs-rest-service2\target\classes\hello\GreetingController.class], file [C:\Users\James\git\gs-rest-service\gs-rest-service2\target\classes\hello\WeatherPeriods.class], file [C:\Users\James\git\gs-rest-service\gs-rest-service2\target\classes\hello\WeatherProperties.class], file [C:\Users\James\git\gs-rest-service\gs-rest-service2\target\classes\hello\WeatherResponse.class]]
11:31:41.103 [main] DEBUG org.springframework.context.annotation.ClassPathScanningCandidateComponentProvider - Identified candidate component class: file [C:\Users\James\git\gs-rest-service\gs-rest-service2\target\classes\hello\Application.class]
11:31:41.111 [main] INFO org.springframework.boot.test.context.SpringBootTestContextBootstrapper - Found @SpringBootConfiguration hello.Application for test class hello.GreetingControllerTests
11:31:41.115 [main] DEBUG org.springframework.boot.test.context.SpringBootTestContextBootstrapper - @TestExecutionListeners is not present for class [hello.GreetingControllerTests]: using defaults.
11:31:41.118 [main] INFO org.springframework.boot.test.context.SpringBootTestContextBootstrapper - Loaded default TestExecutionListener class names from location [META-INF/spring.factories]: [org.springframework.boot.test.mock.mockito.MockitoTestExecutionListener, org.springframework.boot.test.mock.mockito.ResetMocksTestExecutionListener, org.springframework.boot.test.autoconfigure.restdocs.RestDocsTestExecutionListener, org.springframework.boot.test.autoconfigure.web.client.MockRestServiceServerResetTestExecutionListener, org.springframework.boot.test.autoconfigure.web.servlet.MockMvcPrintOnlyOnFailureTestExecutionListener, org.springframework.boot.test.autoconfigure.web.servlet.WebDriverTestExecutionListener, org.springframework.test.context.web.ServletTestExecutionListener, org.springframework.test.context.support.DirtiesContextBeforeModesTestExecutionListener, org.springframework.test.context.support.DependencyInjectionTestExecutionListener, org.springframework.test.context.support.DirtiesContextTestExecutionListener, org.springframework.test.context.transaction.TransactionalTestExecutionListener, org.springframework.test.context.jdbc.SqlScriptsTestExecutionListener]
11:31:41.133 [main] DEBUG org.springframework.boot.test.context.SpringBootTestContextBootstrapper - Could not instantiate TestExecutionListener [org.springframework.test.context.transaction.TransactionalTestExecutionListener]. Specify custom listener classes or make the default listener classes (and their required dependencies) available. Offending class: [org/springframework/transaction/interceptor/TransactionAttributeSource]
11:31:41.134 [main] DEBUG org.springframework.boot.test.context.SpringBootTestContextBootstrapper - Could not instantiate TestExecutionListener [org.springframework.test.context.jdbc.SqlScriptsTestExecutionListener]. Specify custom listener classes or make the default listener classes (and their required dependencies) available. Offending class: [org/springframework/transaction/interceptor/TransactionAttribute]
11:31:41.134 [main] INFO org.springframework.boot.test.context.SpringBootTestContextBootstrapper - Using TestExecutionListeners: [org.springframework.test.context.web.ServletTestExecutionListener@1176dcec, org.springframework.test.context.support.DirtiesContextBeforeModesTestExecutionListener@120d6fe6, org.springframework.boot.test.autoconfigure.SpringBootDependencyInjectionTestExecutionListener@4ba2ca36, org.springframework.test.context.support.DirtiesContextTestExecutionListener@3444d69d, org.springframework.boot.test.mock.mockito.MockitoTestExecutionListener@1372ed45, org.springframework.boot.test.mock.mockito.ResetMocksTestExecutionListener@6a79c292, org.springframework.boot.test.autoconfigure.restdocs.RestDocsTestExecutionListener@37574691, org.springframework.boot.test.autoconfigure.web.client.MockRestServiceServerResetTestExecutionListener@25359ed8, org.springframework.boot.test.autoconfigure.web.servlet.MockMvcPrintOnlyOnFailureTestExecutionListener@21a947fe, org.springframework.boot.test.autoconfigure.web.servlet.WebDriverTestExecutionListener@5606c0b]
11:31:41.137 [main] DEBUG org.springframework.test.annotation.ProfileValueUtils - Retrieved @ProfileValueSourceConfiguration [null] for test class [hello.GreetingControllerTests]
11:31:41.138 [main] DEBUG org.springframework.test.annotation.ProfileValueUtils - Retrieved ProfileValueSource type [class org.springframework.test.annotation.SystemProfileValueSource] for class [hello.GreetingControllerTests]
11:31:41.141 [main] DEBUG org.springframework.test.context.junit4.SpringJUnit4ClassRunner - SpringJUnit4ClassRunner constructor called with [class hello.GreetingControllerTests]
11:31:41.142 [main] DEBUG org.springframework.test.context.BootstrapUtils - Instantiating CacheAwareContextLoaderDelegate from class [org.springframework.test.context.cache.DefaultCacheAwareContextLoaderDelegate]
11:31:41.143 [main] DEBUG org.springframework.test.context.BootstrapUtils - Instantiating BootstrapContext using constructor [public org.springframework.test.context.support.DefaultBootstrapContext(java.lang.Class,org.springframework.test.context.CacheAwareContextLoaderDelegate)]
11:31:41.144 [main] DEBUG org.springframework.test.context.BootstrapUtils - Instantiating TestContextBootstrapper for test class [hello.GreetingControllerTests] from class [org.springframework.boot.test.context.SpringBootTestContextBootstrapper]
11:31:41.146 [main] INFO org.springframework.boot.test.context.SpringBootTestContextBootstrapper - Neither @ContextConfiguration nor @ContextHierarchy found for test class [hello.GreetingControllerTests], using SpringBootContextLoader
11:31:41.147 [main] DEBUG org.springframework.test.context.support.AbstractContextLoader - Did not detect default resource location for test class [hello.GreetingControllerTests]: class path resource [hello/GreetingControllerTests-context.xml] does not exist
11:31:41.147 [main] DEBUG org.springframework.test.context.support.AbstractContextLoader - Did not detect default resource location for test class [hello.GreetingControllerTests]: class path resource [hello/GreetingControllerTestsContext.groovy] does not exist
11:31:41.148 [main] INFO org.springframework.test.context.support.AbstractContextLoader - Could not detect default resource locations for test class [hello.GreetingControllerTests]: no resource found for suffixes {-context.xml, Context.groovy}.
11:31:41.148 [main] INFO org.springframework.test.context.support.AnnotationConfigContextLoaderUtils - Could not detect default configuration classes for test class [hello.GreetingControllerTests]: GreetingControllerTests does not declare any static, non-private, non-final, nested classes annotated with @Configuration.
11:31:41.159 [main] DEBUG org.springframework.test.context.support.ActiveProfilesUtils - Could not find an 'annotation declaring class' for annotation type [org.springframework.test.context.ActiveProfiles] and class [hello.GreetingControllerTests]
11:31:41.160 [main] DEBUG org.springframework.core.env.StandardEnvironment - Adding PropertySource 'systemProperties' with lowest search precedence
11:31:41.160 [main] DEBUG org.springframework.core.env.StandardEnvironment - Adding PropertySource 'systemEnvironment' with lowest search precedence
11:31:41.160 [main] DEBUG org.springframework.core.env.StandardEnvironment - Initialized StandardEnvironment with PropertySources [MapPropertySource@1773638882 {name='systemProperties', properties={java.runtime.name=Java(TM) SE Runtime Environment, sun.boot.library.path=C:\Program Files\Java\jdk1.8.0_161\jre\bin, java.vm.version=25.161-b12, java.vm.vendor=Oracle Corporation, java.vendor.url=http://java.oracle.com/, path.separator=;, java.vm.name=Java HotSpot(TM) 64-Bit Server VM, file.encoding.pkg=sun.io, user.country=US, user.script=, sun.java.launcher=SUN_STANDARD, sun.os.patch.level=, java.vm.specification.name=Java Virtual Machine Specification, user.dir=C:\Users\James\git\gs-rest-service\gs-rest-service2, java.runtime.version=1.8.0_161-b12, basedir=C:\Users\James\git\gs-rest-service\gs-rest-service2, java.awt.graphicsenv=sun.awt.Win32GraphicsEnvironment, java.endorsed.dirs=C:\Program Files\Java\jdk1.8.0_161\jre\lib\endorsed, os.arch=amd64, surefire.real.class.path=C:\Users\James\git\gs-rest-service\gs-rest-service2\target\surefire\surefirebooter4622655234198921849.jar, java.io.tmpdir=C:\Users\James\AppData\Local\Temp\, line.separator=
, java.vm.specification.vendor=Oracle Corporation, user.variant=, os.name=Windows 10, sun.jnu.encoding=Cp1252, java.library.path=C:\Program Files\Java\jdk1.8.0_161\jre\bin;C:\WINDOWS\Sun\Java\bin;C:\WINDOWS\system32;C:\WINDOWS;C:/Program Files/Java/jre1.8.0_161/bin/server;C:/Program Files/Java/jre1.8.0_161/bin;C:/Program Files/Java/jre1.8.0_161/lib/amd64;C:\ProgramData\Oracle\Java\javapath;C:\Program Files (x86)\Intel\iCLS Client\;C:\Program Files\Intel\iCLS Client\;C:\Windows\system32;C:\Windows;C:\Windows\System32\Wbem;C:\Windows\System32\WindowsPowerShell\v1.0\;C:\Program Files\Intel\Intel(R) Management Engine Components\DAL;C:\Program Files (x86)\Intel\Intel(R) Management Engine Components\DAL;C:\Program Files\Intel\Intel(R) Management Engine Components\IPT;C:\Program Files (x86)\Intel\Intel(R) Management Engine Components\IPT;C:\Program Files (x86)\QuickTime\QTSystem\;C:\Program Files (x86)\NVIDIA Corporation\PhysX\Common;C:\WINDOWS\system32;C:\WINDOWS;C:\WINDOWS\System32\Wbem;C:\WINDOWS\System32\WindowsPowerShell\v1.0\;C:\Program Files\dotnet\;C:\Program Files\OpenVPN\bin;C:\Program Files\PuTTY\;C:\Program Files (x86)\Skype\Phone\;C:\Users\James\AppData\Local\Microsoft\WindowsApps;;C:\WINDOWS\system32;;., surefire.test.class.path=C:\Users\James\git\gs-rest-service\gs-rest-service2\target\test-classes;C:\Users\James\git\gs-rest-service\gs-rest-service2\target\classes;C:\Users\James\.m2\repository\org\springframework\boot\spring-boot-starter-web\1.5.10.RELEASE\spring-boot-starter-web-1.5.10.RELEASE.jar;C:\Users\James\.m2\repository\org\springframework\boot\spring-boot-starter\1.5.10.RELEASE\spring-boot-starter-1.5.10.RELEASE.jar;C:\Users\James\.m2\repository\org\springframework\boot\spring-boot\1.5.10.RELEASE\spring-boot-1.5.10.RELEASE.jar;C:\Users\James\.m2\repository\org\springframework\boot\spring-boot-autoconfigure\1.5.10.RELEASE\spring-boot-autoconfigure-1.5.10.RELEASE.jar;C:\Users\James\.m2\repository\org\springframework\boot\spring-boot-starter-logging\1.5.10.RELEASE\spring-boot-starter-logging-1.5.10.RELEASE.jar;C:\Users\James\.m2\repository\ch\qos\logback\logback-classic\1.1.11\logback-classic-1.1.11.jar;C:\Users\James\.m2\repository\ch\qos\logback\logback-core\1.1.11\logback-core-1.1.11.jar;C:\Users\James\.m2\repository\org\slf4j\jcl-over-slf4j\1.7.25\jcl-over-slf4j-1.7.25.jar;C:\Users\James\.m2\repository\org\slf4j\jul-to-slf4j\1.7.25\jul-to-slf4j-1.7.25.jar;C:\Users\James\.m2\repository\org\slf4j\log4j-over-slf4j\1.7.25\log4j-over-slf4j-1.7.25.jar;C:\Users\James\.m2\repository\org\yaml\snakeyaml\1.17\snakeyaml-1.17.jar;C:\Users\James\.m2\repository\org\springframework\boot\spring-boot-starter-tomcat\1.5.10.RELEASE\spring-boot-starter-tomcat-1.5.10.RELEASE.jar;C:\Users\James\.m2\repository\org\apache\tomcat\embed\tomcat-embed-core\8.5.27\tomcat-embed-core-8.5.27.jar;C:\Users\James\.m2\repository\org\apache\tomcat\tomcat-annotations-api\8.5.27\tomcat-annotations-api-8.5.27.jar;C:\Users\James\.m2\repository\org\apache\tomcat\embed\tomcat-embed-el\8.5.27\tomcat-embed-el-8.5.27.jar;C:\Users\James\.m2\repository\org\apache\tomcat\embed\tomcat-embed-websocket\8.5.27\tomcat-embed-websocket-8.5.27.jar;C:\Users\James\.m2\repository\org\hibernate\hibernate-validator\5.3.6.Final\hibernate-validator-5.3.6.Final.jar;C:\Users\James\.m2\repository\javax\validation\validation-api\1.1.0.Final\validation-api-1.1.0.Final.jar;C:\Users\James\.m2\repository\org\jboss\logging\jboss-logging\3.3.1.Final\jboss-logging-3.3.1.Final.jar;C:\Users\James\.m2\repository\com\fasterxml\classmate\1.3.4\classmate-1.3.4.jar;C:\Users\James\.m2\repository\com\fasterxml\jackson\core\jackson-databind\2.8.10\jackson-databind-2.8.10.jar;C:\Users\James\.m2\repository\com\fasterxml\jackson\core\jackson-annotations\2.8.0\jackson-annotations-2.8.0.jar;C:\Users\James\.m2\repository\com\fasterxml\jackson\core\jackson-core\2.8.10\jackson-core-2.8.10.jar;C:\Users\James\.m2\repository\org\springframework\spring-web\4.3.14.RELEASE\spring-web-4.3.14.RELEASE.jar;C:\Users\James\.m2\repository\org\springframework\spring-aop\4.3.14.RELEASE\spring-aop-4.3.14.RELEASE.jar;C:\Users\James\.m2\repository\org\springframework\spring-beans\4.3.14.RELEASE\spring-beans-4.3.14.RELEASE.jar;C:\Users\James\.m2\repository\org\springframework\spring-context\4.3.14.RELEASE\spring-context-4.3.14.RELEASE.jar;C:\Users\James\.m2\repository\org\springframework\spring-webmvc\4.3.14.RELEASE\spring-webmvc-4.3.14.RELEASE.jar;C:\Users\James\.m2\repository\org\springframework\spring-expression\4.3.14.RELEASE\spring-expression-4.3.14.RELEASE.jar;C:\Users\James\.m2\repository\org\springframework\boot\spring-boot-starter-test\1.5.10.RELEASE\spring-boot-starter-test-1.5.10.RELEASE.jar;C:\Users\James\.m2\repository\org\springframework\boot\spring-boot-test\1.5.10.RELEASE\spring-boot-test-1.5.10.RELEASE.jar;C:\Users\James\.m2\repository\org\springframework\boot\spring-boot-test-autoconfigure\1.5.10.RELEASE\spring-boot-test-autoconfigure-1.5.10.RELEASE.jar;C:\Users\James\.m2\repository\junit\junit\4.12\junit-4.12.jar;C:\Users\James\.m2\repository\org\assertj\assertj-core\2.6.0\assertj-core-2.6.0.jar;C:\Users\James\.m2\repository\org\mockito\mockito-core\1.10.19\mockito-core-1.10.19.jar;C:\Users\James\.m2\repository\org\objenesis\objenesis\2.1\objenesis-2.1.jar;C:\Users\James\.m2\repository\org\hamcrest\hamcrest-core\1.3\hamcrest-core-1.3.jar;C:\Users\James\.m2\repository\org\hamcrest\hamcrest-library\1.3\hamcrest-library-1.3.jar;C:\Users\James\.m2\repository\org\skyscreamer\jsonassert\1.4.0\jsonassert-1.4.0.jar;C:\Users\James\.m2\repository\com\vaadin\external\google\android-json\0.0.20131108.vaadin1\android-json-0.0.20131108.vaadin1.jar;C:\Users\James\.m2\repository\org\springframework\spring-core\4.3.14.RELEASE\spring-core-4.3.14.RELEASE.jar;C:\Users\James\.m2\repository\org\springframework\spring-test\4.3.14.RELEASE\spring-test-4.3.14.RELEASE.jar;C:\Users\James\.m2\repository\com\jayway\jsonpath\json-path\2.2.0\json-path-2.2.0.jar;C:\Users\James\.m2\repository\net\minidev\json-smart\2.2.1\json-smart-2.2.1.jar;C:\Users\James\.m2\repository\net\minidev\accessors-smart\1.1\accessors-smart-1.1.jar;C:\Users\James\.m2\repository\org\ow2\asm\asm\5.0.3\asm-5.0.3.jar;C:\Users\James\.m2\repository\org\slf4j\slf4j-api\1.7.25\slf4j-api-1.7.25.jar;C:\Users\James\.m2\repository\com\google\code\gson\gson\2.8.2\gson-2.8.2.jar;C:\Users\James\.m2\repository\commons-logging\commons-logging\1.2\commons-logging-1.2.jar;C:\Users\James\.m2\repository\org\apache\httpcomponents\httpclient\4.5.5\httpclient-4.5.5.jar;C:\Users\James\.m2\repository\commons-codec\commons-codec\1.10\commons-codec-1.10.jar;C:\Users\James\.m2\repository\org\apache\httpcomponents\httpcore\4.4.9\httpcore-4.4.9.jar;, java.specification.name=Java Platform API Specification, java.class.version=52.0, sun.management.compiler=HotSpot 64-Bit Tiered Compilers, os.version=10.0, user.home=C:\Users\James, user.timezone=America/New_York, java.awt.printerjob=sun.awt.windows.WPrinterJob, file.encoding=Cp1252, java.specification.version=1.8, java.class.path=C:\Users\James\git\gs-rest-service\gs-rest-service2\target\test-classes;C:\Users\James\git\gs-rest-service\gs-rest-service2\target\classes;C:\Users\James\.m2\repository\org\springframework\boot\spring-boot-starter-web\1.5.10.RELEASE\spring-boot-starter-web-1.5.10.RELEASE.jar;C:\Users\James\.m2\repository\org\springframework\boot\spring-boot-starter\1.5.10.RELEASE\spring-boot-starter-1.5.10.RELEASE.jar;C:\Users\James\.m2\repository\org\springframework\boot\spring-boot\1.5.10.RELEASE\spring-boot-1.5.10.RELEASE.jar;C:\Users\James\.m2\repository\org\springframework\boot\spring-boot-autoconfigure\1.5.10.RELEASE\spring-boot-autoconfigure-1.5.10.RELEASE.jar;C:\Users\James\.m2\repository\org\springframework\boot\spring-boot-starter-logging\1.5.10.RELEASE\spring-boot-starter-logging-1.5.10.RELEASE.jar;C:\Users\James\.m2\repository\ch\qos\logback\logback-classic\1.1.11\logback-classic-1.1.11.jar;C:\Users\James\.m2\repository\ch\qos\logback\logback-core\1.1.11\logback-core-1.1.11.jar;C:\Users\James\.m2\repository\org\slf4j\jcl-over-slf4j\1.7.25\jcl-over-slf4j-1.7.25.jar;C:\Users\James\.m2\repository\org\slf4j\jul-to-slf4j\1.7.25\jul-to-slf4j-1.7.25.jar;C:\Users\James\.m2\repository\org\slf4j\log4j-over-slf4j\1.7.25\log4j-over-slf4j-1.7.25.jar;C:\Users\James\.m2\repository\org\yaml\snakeyaml\1.17\snakeyaml-1.17.jar;C:\Users\James\.m2\repository\org\springframework\boot\spring-boot-starter-tomcat\1.5.10.RELEASE\spring-boot-starter-tomcat-1.5.10.RELEASE.jar;C:\Users\James\.m2\repository\org\apache\tomcat\embed\tomcat-embed-core\8.5.27\tomcat-embed-core-8.5.27.jar;C:\Users\James\.m2\repository\org\apache\tomcat\tomcat-annotations-api\8.5.27\tomcat-annotations-api-8.5.27.jar;C:\Users\James\.m2\repository\org\apache\tomcat\embed\tomcat-embed-el\8.5.27\tomcat-embed-el-8.5.27.jar;C:\Users\James\.m2\repository\org\apache\tomcat\embed\tomcat-embed-websocket\8.5.27\tomcat-embed-websocket-8.5.27.jar;C:\Users\James\.m2\repository\org\hibernate\hibernate-validator\5.3.6.Final\hibernate-validator-5.3.6.Final.jar;C:\Users\James\.m2\repository\javax\validation\validation-api\1.1.0.Final\validation-api-1.1.0.Final.jar;C:\Users\James\.m2\repository\org\jboss\logging\jboss-logging\3.3.1.Final\jboss-logging-3.3.1.Final.jar;C:\Users\James\.m2\repository\com\fasterxml\classmate\1.3.4\classmate-1.3.4.jar;C:\Users\James\.m2\repository\com\fasterxml\jackson\core\jackson-databind\2.8.10\jackson-databind-2.8.10.jar;C:\Users\James\.m2\repository\com\fasterxml\jackson\core\jackson-annotations\2.8.0\jackson-annotations-2.8.0.jar;C:\Users\James\.m2\repository\com\fasterxml\jackson\core\jackson-core\2.8.10\jackson-core-2.8.10.jar;C:\Users\James\.m2\repository\org\springframework\spring-web\4.3.14.RELEASE\spring-web-4.3.14.RELEASE.jar;C:\Users\James\.m2\repository\org\springframework\spring-aop\4.3.14.RELEASE\spring-aop-4.3.14.RELEASE.jar;C:\Users\James\.m2\repository\org\springframework\spring-beans\4.3.14.RELEASE\spring-beans-4.3.14.RELEASE.jar;C:\Users\James\.m2\repository\org\springframework\spring-context\4.3.14.RELEASE\spring-context-4.3.14.RELEASE.jar;C:\Users\James\.m2\repository\org\springframework\spring-webmvc\4.3.14.RELEASE\spring-webmvc-4.3.14.RELEASE.jar;C:\Users\James\.m2\repository\org\springframework\spring-expression\4.3.14.RELEASE\spring-expression-4.3.14.RELEASE.jar;C:\Users\James\.m2\repository\org\springframework\boot\spring-boot-starter-test\1.5.10.RELEASE\spring-boot-starter-test-1.5.10.RELEASE.jar;C:\Users\James\.m2\repository\org\springframework\boot\spring-boot-test\1.5.10.RELEASE\spring-boot-test-1.5.10.RELEASE.jar;C:\Users\James\.m2\repository\org\springframework\boot\spring-boot-test-autoconfigure\1.5.10.RELEASE\spring-boot-test-autoconfigure-1.5.10.RELEASE.jar;C:\Users\James\.m2\repository\junit\junit\4.12\junit-4.12.jar;C:\Users\James\.m2\repository\org\assertj\assertj-core\2.6.0\assertj-core-2.6.0.jar;C:\Users\James\.m2\repository\org\mockito\mockito-core\1.10.19\mockito-core-1.10.19.jar;C:\Users\James\.m2\repository\org\objenesis\objenesis\2.1\objenesis-2.1.jar;C:\Users\James\.m2\repository\org\hamcrest\hamcrest-core\1.3\hamcrest-core-1.3.jar;C:\Users\James\.m2\repository\org\hamcrest\hamcrest-library\1.3\hamcrest-library-1.3.jar;C:\Users\James\.m2\repository\org\skyscreamer\jsonassert\1.4.0\jsonassert-1.4.0.jar;C:\Users\James\.m2\repository\com\vaadin\external\google\android-json\0.0.20131108.vaadin1\android-json-0.0.20131108.vaadin1.jar;C:\Users\James\.m2\repository\org\springframework\spring-core\4.3.14.RELEASE\spring-core-4.3.14.RELEASE.jar;C:\Users\James\.m2\repository\org\springframework\spring-test\4.3.14.RELEASE\spring-test-4.3.14.RELEASE.jar;C:\Users\James\.m2\repository\com\jayway\jsonpath\json-path\2.2.0\json-path-2.2.0.jar;C:\Users\James\.m2\repository\net\minidev\json-smart\2.2.1\json-smart-2.2.1.jar;C:\Users\James\.m2\repository\net\minidev\accessors-smart\1.1\accessors-smart-1.1.jar;C:\Users\James\.m2\repository\org\ow2\asm\asm\5.0.3\asm-5.0.3.jar;C:\Users\James\.m2\repository\org\slf4j\slf4j-api\1.7.25\slf4j-api-1.7.25.jar;C:\Users\James\.m2\repository\com\google\code\gson\gson\2.8.2\gson-2.8.2.jar;C:\Users\James\.m2\repository\commons-logging\commons-logging\1.2\commons-logging-1.2.jar;C:\Users\James\.m2\repository\org\apache\httpcomponents\httpclient\4.5.5\httpclient-4.5.5.jar;C:\Users\James\.m2\repository\commons-codec\commons-codec\1.10\commons-codec-1.10.jar;C:\Users\James\.m2\repository\org\apache\httpcomponents\httpcore\4.4.9\httpcore-4.4.9.jar;, user.name=James, java.vm.specification.version=1.8, sun.java.command=C:\Users\James\git\gs-rest-service\gs-rest-service2\target\surefire\surefirebooter4622655234198921849.jar C:\Users\James\git\gs-rest-service\gs-rest-service2\target\surefire\surefire7531956256818618509tmp C:\Users\James\git\gs-rest-service\gs-rest-service2\target\surefire\surefire_05770149352367096777tmp, java.home=C:\Program Files\Java\jdk1.8.0_161\jre, sun.arch.data.model=64, user.language=en, java.specification.vendor=Oracle Corporation, awt.toolkit=sun.awt.windows.WToolkit, java.vm.info=mixed mode, java.version=1.8.0_161, java.ext.dirs=C:\Program Files\Java\jdk1.8.0_161\jre\lib\ext;C:\WINDOWS\Sun\Java\lib\ext, sun.boot.class.path=C:\Program Files\Java\jdk1.8.0_161\jre\lib\resources.jar;C:\Program Files\Java\jdk1.8.0_161\jre\lib\rt.jar;C:\Program Files\Java\jdk1.8.0_161\jre\lib\sunrsasign.jar;C:\Program Files\Java\jdk1.8.0_161\jre\lib\jsse.jar;C:\Program Files\Java\jdk1.8.0_161\jre\lib\jce.jar;C:\Program Files\Java\jdk1.8.0_161\jre\lib\charsets.jar;C:\Program Files\Java\jdk1.8.0_161\jre\lib\jfr.jar;C:\Program Files\Java\jdk1.8.0_161\jre\classes, java.vendor=Oracle Corporation, localRepository=C:\Users\James\.m2\repository, file.separator=\, java.vendor.url.bug=http://bugreport.sun.com/bugreport/, sun.io.unicode.encoding=UnicodeLittle, sun.cpu.endian=little, sun.desktop=windows, sun.cpu.isalist=amd64}}, SystemEnvironmentPropertySource@1059063940 {name='systemEnvironment', properties={PATH=C:/Program Files/Java/jre1.8.0_161/bin/server;C:/Program Files/Java/jre1.8.0_161/bin;C:/Program Files/Java/jre1.8.0_161/lib/amd64;C:\ProgramData\Oracle\Java\javapath;C:\Program Files (x86)\Intel\iCLS Client\;C:\Program Files\Intel\iCLS Client\;C:\Windows\system32;C:\Windows;C:\Windows\System32\Wbem;C:\Windows\System32\WindowsPowerShell\v1.0\;C:\Program Files\Intel\Intel(R) Management Engine Components\DAL;C:\Program Files (x86)\Intel\Intel(R) Management Engine Components\DAL;C:\Program Files\Intel\Intel(R) Management Engine Components\IPT;C:\Program Files (x86)\Intel\Intel(R) Management Engine Components\IPT;C:\Program Files (x86)\QuickTime\QTSystem\;C:\Program Files (x86)\NVIDIA Corporation\PhysX\Common;C:\WINDOWS\system32;C:\WINDOWS;C:\WINDOWS\System32\Wbem;C:\WINDOWS\System32\WindowsPowerShell\v1.0\;C:\Program Files\dotnet\;C:\Program Files\OpenVPN\bin;C:\Program Files\PuTTY\;C:\Program Files (x86)\Skype\Phone\;C:\Users\James\AppData\Local\Microsoft\WindowsApps;;C:\WINDOWS\system32;, USERDOMAIN_ROAMINGPROFILE=TECH, LOCALAPPDATA=C:\Users\James\AppData\Local, PROCESSOR_LEVEL=6, SYSTEMDRIVE=C:, COMMONPROGRAMFILES(X86)=C:\Program Files (x86)\Common Files, FP_NO_HOST_CHECK=NO, USERDOMAIN=TECH, FPS_BROWSER_APP_PROFILE_STRING=Internet Explorer, LOGONSERVER=\\TECH, PROMPT=$P$G, SESSIONNAME=Console, ALLUSERSPROFILE=C:\ProgramData, PROGRAMFILES(X86)=C:\Program Files (x86), PROCESSOR_ARCHITECTURE=AMD64, PROGRAMFILES=C:\Program Files, =C:=C:\Users\James\git\gs-rest-service\gs-rest-service2, APPDATA=C:\Users\James\AppData\Roaming, PSMODULEPATH=C:\WINDOWS\system32\WindowsPowerShell\v1.0\Modules\;C:\Program Files\Intel\, PROGRAMW6432=C:\Program Files, PROGRAMDATA=C:\ProgramData, SYSTEMROOT=C:\WINDOWS, USERNAME=James, FPS_BROWSER_USER_PROFILE_STRING=Default, ONEDRIVE=C:\Users\James\OneDrive, PATHEXT=.COM;.EXE;.BAT;.CMD;.VBS;.VBE;.JS;.JSE;.WSF;.WSH;.MSC, OS=Windows_NT, COMMONPROGRAMW6432=C:\Program Files\Common Files, COMPUTERNAME=TECH, COMMONPROGRAMFILES=C:\Program Files\Common Files, COMSPEC=C:\WINDOWS\system32\cmd.exe, ADSK_CLM_WPAD_PROXY_CHECK=FALSE, PROCESSOR_REVISION=3c03, CLASSPATH=.;C:\Program Files (x86)\QuickTime\QTSystem\QTJava.zip, WINDIR=C:\WINDOWS, HOMEPATH=\Users\James, TEMP=C:\Users\James\AppData\Local\Temp, HOMEDRIVE=C:, PROCESSOR_IDENTIFIER=Intel64 Family 6 Model 60 Stepping 3, GenuineIntel, USERPROFILE=C:\Users\James, TMP=C:\Users\James\AppData\Local\Temp, PUBLIC=C:\Users\Public, NUMBER_OF_PROCESSORS=4, =::=::\, QTJAVA=C:\Program Files (x86)\QuickTime\QTSystem\QTJava.zip}}]
11:31:41.162 [main] INFO org.springframework.boot.test.context.SpringBootTestContextBootstrapper - Found @SpringBootConfiguration hello.Application for test class hello.GreetingControllerTests
11:31:41.163 [main] DEBUG org.springframework.boot.test.context.SpringBootTestContextBootstrapper - @TestExecutionListeners is not present for class [hello.GreetingControllerTests]: using defaults.
11:31:41.165 [main] INFO org.springframework.boot.test.context.SpringBootTestContextBootstrapper - Loaded default TestExecutionListener class names from location [META-INF/spring.factories]: [org.springframework.boot.test.mock.mockito.MockitoTestExecutionListener, org.springframework.boot.test.mock.mockito.ResetMocksTestExecutionListener, org.springframework.boot.test.autoconfigure.restdocs.RestDocsTestExecutionListener, org.springframework.boot.test.autoconfigure.web.client.MockRestServiceServerResetTestExecutionListener, org.springframework.boot.test.autoconfigure.web.servlet.MockMvcPrintOnlyOnFailureTestExecutionListener, org.springframework.boot.test.autoconfigure.web.servlet.WebDriverTestExecutionListener, org.springframework.test.context.web.ServletTestExecutionListener, org.springframework.test.context.support.DirtiesContextBeforeModesTestExecutionListener, org.springframework.test.context.support.DependencyInjectionTestExecutionListener, org.springframework.test.context.support.DirtiesContextTestExecutionListener, org.springframework.test.context.transaction.TransactionalTestExecutionListener, org.springframework.test.context.jdbc.SqlScriptsTestExecutionListener]
11:31:41.167 [main] DEBUG org.springframework.boot.test.context.SpringBootTestContextBootstrapper - Could not instantiate TestExecutionListener [org.springframework.test.context.transaction.TransactionalTestExecutionListener]. Specify custom listener classes or make the default listener classes (and their required dependencies) available. Offending class: [org/springframework/transaction/interceptor/TransactionAttributeSource]
11:31:41.167 [main] DEBUG org.springframework.boot.test.context.SpringBootTestContextBootstrapper - Could not instantiate TestExecutionListener [org.springframework.test.context.jdbc.SqlScriptsTestExecutionListener]. Specify custom listener classes or make the default listener classes (and their required dependencies) available. Offending class: [org/springframework/transaction/interceptor/TransactionAttribute]
11:31:41.168 [main] INFO org.springframework.boot.test.context.SpringBootTestContextBootstrapper - Using TestExecutionListeners: [org.springframework.test.context.web.ServletTestExecutionListener@770c2e6b, org.springframework.test.context.support.DirtiesContextBeforeModesTestExecutionListener@1a052a00, org.springframework.boot.test.autoconfigure.SpringBootDependencyInjectionTestExecutionListener@4d826d77, org.springframework.test.context.support.DirtiesContextTestExecutionListener@61009542, org.springframework.boot.test.mock.mockito.MockitoTestExecutionListener@77e9807f, org.springframework.boot.test.mock.mockito.ResetMocksTestExecutionListener@448ff1a8, org.springframework.boot.test.autoconfigure.restdocs.RestDocsTestExecutionListener@1a38c59b, org.springframework.boot.test.autoconfigure.web.client.MockRestServiceServerResetTestExecutionListener@7f77e91b, org.springframework.boot.test.autoconfigure.web.servlet.MockMvcPrintOnlyOnFailureTestExecutionListener@44a664f2, org.springframework.boot.test.autoconfigure.web.servlet.WebDriverTestExecutionListener@7f9fcf7f]
11:31:41.168 [main] DEBUG org.springframework.test.annotation.ProfileValueUtils - Retrieved @ProfileValueSourceConfiguration [null] for test class [hello.GreetingControllerTests]
11:31:41.168 [main] DEBUG org.springframework.test.annotation.ProfileValueUtils - Retrieved ProfileValueSource type [class org.springframework.test.annotation.SystemProfileValueSource] for class [hello.GreetingControllerTests]
11:31:41.168 [main] DEBUG org.springframework.test.annotation.ProfileValueUtils - Retrieved @ProfileValueSourceConfiguration [null] for test class [hello.GreetingControllerTests]
11:31:41.168 [main] DEBUG org.springframework.test.annotation.ProfileValueUtils - Retrieved ProfileValueSource type [class org.springframework.test.annotation.SystemProfileValueSource] for class [hello.GreetingControllerTests]
11:31:41.172 [main] DEBUG org.springframework.test.context.support.AbstractDirtiesContextTestExecutionListener - Before test class: context [DefaultTestContext@75f9eccc testClass = GreetingControllerTests, testInstance = [null], testMethod = [null], testException = [null], mergedContextConfiguration = [WebMergedContextConfiguration@52aa2946 testClass = GreetingControllerTests, locations = '{}', classes = '{class hello.Application}', contextInitializerClasses = '[]', activeProfiles = '{}', propertySourceLocations = '{}', propertySourceProperties = '{org.springframework.boot.test.context.SpringBootTestContextBootstrapper=true}', contextCustomizers = set[[ImportsContextCustomizer@4de5031f key = [org.springframework.boot.test.autoconfigure.web.servlet.MockMvcAutoConfiguration, org.springframework.boot.test.autoconfigure.web.servlet.MockMvcSecurityAutoConfiguration, org.springframework.boot.test.autoconfigure.web.servlet.MockMvcWebClientAutoConfiguration, org.springframework.boot.test.autoconfigure.web.servlet.MockMvcWebDriverAutoConfiguration]], org.springframework.boot.test.context.SpringBootTestContextCustomizer@7d0587f1, org.springframework.boot.test.context.filter.ExcludeFilterContextCustomizer@4f063c0a, org.springframework.boot.test.json.DuplicateJsonObjectContextCustomizerFactory$DuplicateJsonObjectContextCustomizer@614ddd49, org.springframework.boot.test.mock.mockito.MockitoContextCustomizer@0, org.springframework.boot.test.autoconfigure.properties.PropertyMappingContextCustomizer@e7e8512, org.springframework.boot.test.autoconfigure.web.servlet.WebDriverContextCustomizerFactory$Customizer@33f88ab], resourceBasePath = 'src/main/webapp', contextLoader = 'org.springframework.boot.test.context.SpringBootContextLoader', parent = [null]]], class annotated with @DirtiesContext [false] with mode [null].
11:31:41.173 [main] DEBUG org.springframework.test.annotation.ProfileValueUtils - Retrieved @ProfileValueSourceConfiguration [null] for test class [hello.GreetingControllerTests]
11:31:41.173 [main] DEBUG org.springframework.test.annotation.ProfileValueUtils - Retrieved ProfileValueSource type [class org.springframework.test.annotation.SystemProfileValueSource] for class [hello.GreetingControllerTests]
11:31:41.217 [main] DEBUG org.springframework.core.env.StandardEnvironment - Adding PropertySource 'systemProperties' with lowest search precedence
11:31:41.217 [main] DEBUG org.springframework.core.env.StandardEnvironment - Adding PropertySource 'systemEnvironment' with lowest search precedence
11:31:41.217 [main] DEBUG org.springframework.core.env.StandardEnvironment - Initialized StandardEnvironment with PropertySources [MapPropertySource@889486595 {name='systemProperties', properties={java.runtime.name=Java(TM) SE Runtime Environment, sun.boot.library.path=C:\Program Files\Java\jdk1.8.0_161\jre\bin, java.vm.version=25.161-b12, java.vm.vendor=Oracle Corporation, java.vendor.url=http://java.oracle.com/, path.separator=;, java.vm.name=Java HotSpot(TM) 64-Bit Server VM, file.encoding.pkg=sun.io, user.country=US, user.script=, sun.java.launcher=SUN_STANDARD, sun.os.patch.level=, java.vm.specification.name=Java Virtual Machine Specification, user.dir=C:\Users\James\git\gs-rest-service\gs-rest-service2, java.runtime.version=1.8.0_161-b12, basedir=C:\Users\James\git\gs-rest-service\gs-rest-service2, java.awt.graphicsenv=sun.awt.Win32GraphicsEnvironment, java.endorsed.dirs=C:\Program Files\Java\jdk1.8.0_161\jre\lib\endorsed, os.arch=amd64, surefire.real.class.path=C:\Users\James\git\gs-rest-service\gs-rest-service2\target\surefire\surefirebooter4622655234198921849.jar, java.io.tmpdir=C:\Users\James\AppData\Local\Temp\, line.separator=
, java.vm.specification.vendor=Oracle Corporation, user.variant=, os.name=Windows 10, sun.jnu.encoding=Cp1252, java.library.path=C:\Program Files\Java\jdk1.8.0_161\jre\bin;C:\WINDOWS\Sun\Java\bin;C:\WINDOWS\system32;C:\WINDOWS;C:/Program Files/Java/jre1.8.0_161/bin/server;C:/Program Files/Java/jre1.8.0_161/bin;C:/Program Files/Java/jre1.8.0_161/lib/amd64;C:\ProgramData\Oracle\Java\javapath;C:\Program Files (x86)\Intel\iCLS Client\;C:\Program Files\Intel\iCLS Client\;C:\Windows\system32;C:\Windows;C:\Windows\System32\Wbem;C:\Windows\System32\WindowsPowerShell\v1.0\;C:\Program Files\Intel\Intel(R) Management Engine Components\DAL;C:\Program Files (x86)\Intel\Intel(R) Management Engine Components\DAL;C:\Program Files\Intel\Intel(R) Management Engine Components\IPT;C:\Program Files (x86)\Intel\Intel(R) Management Engine Components\IPT;C:\Program Files (x86)\QuickTime\QTSystem\;C:\Program Files (x86)\NVIDIA Corporation\PhysX\Common;C:\WINDOWS\system32;C:\WINDOWS;C:\WINDOWS\System32\Wbem;C:\WINDOWS\System32\WindowsPowerShell\v1.0\;C:\Program Files\dotnet\;C:\Program Files\OpenVPN\bin;C:\Program Files\PuTTY\;C:\Program Files (x86)\Skype\Phone\;C:\Users\James\AppData\Local\Microsoft\WindowsApps;;C:\WINDOWS\system32;;., surefire.test.class.path=C:\Users\James\git\gs-rest-service\gs-rest-service2\target\test-classes;C:\Users\James\git\gs-rest-service\gs-rest-service2\target\classes;C:\Users\James\.m2\repository\org\springframework\boot\spring-boot-starter-web\1.5.10.RELEASE\spring-boot-starter-web-1.5.10.RELEASE.jar;C:\Users\James\.m2\repository\org\springframework\boot\spring-boot-starter\1.5.10.RELEASE\spring-boot-starter-1.5.10.RELEASE.jar;C:\Users\James\.m2\repository\org\springframework\boot\spring-boot\1.5.10.RELEASE\spring-boot-1.5.10.RELEASE.jar;C:\Users\James\.m2\repository\org\springframework\boot\spring-boot-autoconfigure\1.5.10.RELEASE\spring-boot-autoconfigure-1.5.10.RELEASE.jar;C:\Users\James\.m2\repository\org\springframework\boot\spring-boot-starter-logging\1.5.10.RELEASE\spring-boot-starter-logging-1.5.10.RELEASE.jar;C:\Users\James\.m2\repository\ch\qos\logback\logback-classic\1.1.11\logback-classic-1.1.11.jar;C:\Users\James\.m2\repository\ch\qos\logback\logback-core\1.1.11\logback-core-1.1.11.jar;C:\Users\James\.m2\repository\org\slf4j\jcl-over-slf4j\1.7.25\jcl-over-slf4j-1.7.25.jar;C:\Users\James\.m2\repository\org\slf4j\jul-to-slf4j\1.7.25\jul-to-slf4j-1.7.25.jar;C:\Users\James\.m2\repository\org\slf4j\log4j-over-slf4j\1.7.25\log4j-over-slf4j-1.7.25.jar;C:\Users\James\.m2\repository\org\yaml\snakeyaml\1.17\snakeyaml-1.17.jar;C:\Users\James\.m2\repository\org\springframework\boot\spring-boot-starter-tomcat\1.5.10.RELEASE\spring-boot-starter-tomcat-1.5.10.RELEASE.jar;C:\Users\James\.m2\repository\org\apache\tomcat\embed\tomcat-embed-core\8.5.27\tomcat-embed-core-8.5.27.jar;C:\Users\James\.m2\repository\org\apache\tomcat\tomcat-annotations-api\8.5.27\tomcat-annotations-api-8.5.27.jar;C:\Users\James\.m2\repository\org\apache\tomcat\embed\tomcat-embed-el\8.5.27\tomcat-embed-el-8.5.27.jar;C:\Users\James\.m2\repository\org\apache\tomcat\embed\tomcat-embed-websocket\8.5.27\tomcat-embed-websocket-8.5.27.jar;C:\Users\James\.m2\repository\org\hibernate\hibernate-validator\5.3.6.Final\hibernate-validator-5.3.6.Final.jar;C:\Users\James\.m2\repository\javax\validation\validation-api\1.1.0.Final\validation-api-1.1.0.Final.jar;C:\Users\James\.m2\repository\org\jboss\logging\jboss-logging\3.3.1.Final\jboss-logging-3.3.1.Final.jar;C:\Users\James\.m2\repository\com\fasterxml\classmate\1.3.4\classmate-1.3.4.jar;C:\Users\James\.m2\repository\com\fasterxml\jackson\core\jackson-databind\2.8.10\jackson-databind-2.8.10.jar;C:\Users\James\.m2\repository\com\fasterxml\jackson\core\jackson-annotations\2.8.0\jackson-annotations-2.8.0.jar;C:\Users\James\.m2\repository\com\fasterxml\jackson\core\jackson-core\2.8.10\jackson-core-2.8.10.jar;C:\Users\James\.m2\repository\org\springframework\spring-web\4.3.14.RELEASE\spring-web-4.3.14.RELEASE.jar;C:\Users\James\.m2\repository\org\springframework\spring-aop\4.3.14.RELEASE\spring-aop-4.3.14.RELEASE.jar;C:\Users\James\.m2\repository\org\springframework\spring-beans\4.3.14.RELEASE\spring-beans-4.3.14.RELEASE.jar;C:\Users\James\.m2\repository\org\springframework\spring-context\4.3.14.RELEASE\spring-context-4.3.14.RELEASE.jar;C:\Users\James\.m2\repository\org\springframework\spring-webmvc\4.3.14.RELEASE\spring-webmvc-4.3.14.RELEASE.jar;C:\Users\James\.m2\repository\org\springframework\spring-expression\4.3.14.RELEASE\spring-expression-4.3.14.RELEASE.jar;C:\Users\James\.m2\repository\org\springframework\boot\spring-boot-starter-test\1.5.10.RELEASE\spring-boot-starter-test-1.5.10.RELEASE.jar;C:\Users\James\.m2\repository\org\springframework\boot\spring-boot-test\1.5.10.RELEASE\spring-boot-test-1.5.10.RELEASE.jar;C:\Users\James\.m2\repository\org\springframework\boot\spring-boot-test-autoconfigure\1.5.10.RELEASE\spring-boot-test-autoconfigure-1.5.10.RELEASE.jar;C:\Users\James\.m2\repository\junit\junit\4.12\junit-4.12.jar;C:\Users\James\.m2\repository\org\assertj\assertj-core\2.6.0\assertj-core-2.6.0.jar;C:\Users\James\.m2\repository\org\mockito\mockito-core\1.10.19\mockito-core-1.10.19.jar;C:\Users\James\.m2\repository\org\objenesis\objenesis\2.1\objenesis-2.1.jar;C:\Users\James\.m2\repository\org\hamcrest\hamcrest-core\1.3\hamcrest-core-1.3.jar;C:\Users\James\.m2\repository\org\hamcrest\hamcrest-library\1.3\hamcrest-library-1.3.jar;C:\Users\James\.m2\repository\org\skyscreamer\jsonassert\1.4.0\jsonassert-1.4.0.jar;C:\Users\James\.m2\repository\com\vaadin\external\google\android-json\0.0.20131108.vaadin1\android-json-0.0.20131108.vaadin1.jar;C:\Users\James\.m2\repository\org\springframework\spring-core\4.3.14.RELEASE\spring-core-4.3.14.RELEASE.jar;C:\Users\James\.m2\repository\org\springframework\spring-test\4.3.14.RELEASE\spring-test-4.3.14.RELEASE.jar;C:\Users\James\.m2\repository\com\jayway\jsonpath\json-path\2.2.0\json-path-2.2.0.jar;C:\Users\James\.m2\repository\net\minidev\json-smart\2.2.1\json-smart-2.2.1.jar;C:\Users\James\.m2\repository\net\minidev\accessors-smart\1.1\accessors-smart-1.1.jar;C:\Users\James\.m2\repository\org\ow2\asm\asm\5.0.3\asm-5.0.3.jar;C:\Users\James\.m2\repository\org\slf4j\slf4j-api\1.7.25\slf4j-api-1.7.25.jar;C:\Users\James\.m2\repository\com\google\code\gson\gson\2.8.2\gson-2.8.2.jar;C:\Users\James\.m2\repository\commons-logging\commons-logging\1.2\commons-logging-1.2.jar;C:\Users\James\.m2\repository\org\apache\httpcomponents\httpclient\4.5.5\httpclient-4.5.5.jar;C:\Users\James\.m2\repository\commons-codec\commons-codec\1.10\commons-codec-1.10.jar;C:\Users\James\.m2\repository\org\apache\httpcomponents\httpcore\4.4.9\httpcore-4.4.9.jar;, java.specification.name=Java Platform API Specification, java.class.version=52.0, sun.management.compiler=HotSpot 64-Bit Tiered Compilers, os.version=10.0, user.home=C:\Users\James, user.timezone=America/New_York, java.awt.printerjob=sun.awt.windows.WPrinterJob, file.encoding=Cp1252, java.specification.version=1.8, java.class.path=C:\Users\James\git\gs-rest-service\gs-rest-service2\target\test-classes;C:\Users\James\git\gs-rest-service\gs-rest-service2\target\classes;C:\Users\James\.m2\repository\org\springframework\boot\spring-boot-starter-web\1.5.10.RELEASE\spring-boot-starter-web-1.5.10.RELEASE.jar;C:\Users\James\.m2\repository\org\springframework\boot\spring-boot-starter\1.5.10.RELEASE\spring-boot-starter-1.5.10.RELEASE.jar;C:\Users\James\.m2\repository\org\springframework\boot\spring-boot\1.5.10.RELEASE\spring-boot-1.5.10.RELEASE.jar;C:\Users\James\.m2\repository\org\springframework\boot\spring-boot-autoconfigure\1.5.10.RELEASE\spring-boot-autoconfigure-1.5.10.RELEASE.jar;C:\Users\James\.m2\repository\org\springframework\boot\spring-boot-starter-logging\1.5.10.RELEASE\spring-boot-starter-logging-1.5.10.RELEASE.jar;C:\Users\James\.m2\repository\ch\qos\logback\logback-classic\1.1.11\logback-classic-1.1.11.jar;C:\Users\James\.m2\repository\ch\qos\logback\logback-core\1.1.11\logback-core-1.1.11.jar;C:\Users\James\.m2\repository\org\slf4j\jcl-over-slf4j\1.7.25\jcl-over-slf4j-1.7.25.jar;C:\Users\James\.m2\repository\org\slf4j\jul-to-slf4j\1.7.25\jul-to-slf4j-1.7.25.jar;C:\Users\James\.m2\repository\org\slf4j\log4j-over-slf4j\1.7.25\log4j-over-slf4j-1.7.25.jar;C:\Users\James\.m2\repository\org\yaml\snakeyaml\1.17\snakeyaml-1.17.jar;C:\Users\James\.m2\repository\org\springframework\boot\spring-boot-starter-tomcat\1.5.10.RELEASE\spring-boot-starter-tomcat-1.5.10.RELEASE.jar;C:\Users\James\.m2\repository\org\apache\tomcat\embed\tomcat-embed-core\8.5.27\tomcat-embed-core-8.5.27.jar;C:\Users\James\.m2\repository\org\apache\tomcat\tomcat-annotations-api\8.5.27\tomcat-annotations-api-8.5.27.jar;C:\Users\James\.m2\repository\org\apache\tomcat\embed\tomcat-embed-el\8.5.27\tomcat-embed-el-8.5.27.jar;C:\Users\James\.m2\repository\org\apache\tomcat\embed\tomcat-embed-websocket\8.5.27\tomcat-embed-websocket-8.5.27.jar;C:\Users\James\.m2\repository\org\hibernate\hibernate-validator\5.3.6.Final\hibernate-validator-5.3.6.Final.jar;C:\Users\James\.m2\repository\javax\validation\validation-api\1.1.0.Final\validation-api-1.1.0.Final.jar;C:\Users\James\.m2\repository\org\jboss\logging\jboss-logging\3.3.1.Final\jboss-logging-3.3.1.Final.jar;C:\Users\James\.m2\repository\com\fasterxml\classmate\1.3.4\classmate-1.3.4.jar;C:\Users\James\.m2\repository\com\fasterxml\jackson\core\jackson-databind\2.8.10\jackson-databind-2.8.10.jar;C:\Users\James\.m2\repository\com\fasterxml\jackson\core\jackson-annotations\2.8.0\jackson-annotations-2.8.0.jar;C:\Users\James\.m2\repository\com\fasterxml\jackson\core\jackson-core\2.8.10\jackson-core-2.8.10.jar;C:\Users\James\.m2\repository\org\springframework\spring-web\4.3.14.RELEASE\spring-web-4.3.14.RELEASE.jar;C:\Users\James\.m2\repository\org\springframework\spring-aop\4.3.14.RELEASE\spring-aop-4.3.14.RELEASE.jar;C:\Users\James\.m2\repository\org\springframework\spring-beans\4.3.14.RELEASE\spring-beans-4.3.14.RELEASE.jar;C:\Users\James\.m2\repository\org\springframework\spring-context\4.3.14.RELEASE\spring-context-4.3.14.RELEASE.jar;C:\Users\James\.m2\repository\org\springframework\spring-webmvc\4.3.14.RELEASE\spring-webmvc-4.3.14.RELEASE.jar;C:\Users\James\.m2\repository\org\springframework\spring-expression\4.3.14.RELEASE\spring-expression-4.3.14.RELEASE.jar;C:\Users\James\.m2\repository\org\springframework\boot\spring-boot-starter-test\1.5.10.RELEASE\spring-boot-starter-test-1.5.10.RELEASE.jar;C:\Users\James\.m2\repository\org\springframework\boot\spring-boot-test\1.5.10.RELEASE\spring-boot-test-1.5.10.RELEASE.jar;C:\Users\James\.m2\repository\org\springframework\boot\spring-boot-test-autoconfigure\1.5.10.RELEASE\spring-boot-test-autoconfigure-1.5.10.RELEASE.jar;C:\Users\James\.m2\repository\junit\junit\4.12\junit-4.12.jar;C:\Users\James\.m2\repository\org\assertj\assertj-core\2.6.0\assertj-core-2.6.0.jar;C:\Users\James\.m2\repository\org\mockito\mockito-core\1.10.19\mockito-core-1.10.19.jar;C:\Users\James\.m2\repository\org\objenesis\objenesis\2.1\objenesis-2.1.jar;C:\Users\James\.m2\repository\org\hamcrest\hamcrest-core\1.3\hamcrest-core-1.3.jar;C:\Users\James\.m2\repository\org\hamcrest\hamcrest-library\1.3\hamcrest-library-1.3.jar;C:\Users\James\.m2\repository\org\skyscreamer\jsonassert\1.4.0\jsonassert-1.4.0.jar;C:\Users\James\.m2\repository\com\vaadin\external\google\android-json\0.0.20131108.vaadin1\android-json-0.0.20131108.vaadin1.jar;C:\Users\James\.m2\repository\org\springframework\spring-core\4.3.14.RELEASE\spring-core-4.3.14.RELEASE.jar;C:\Users\James\.m2\repository\org\springframework\spring-test\4.3.14.RELEASE\spring-test-4.3.14.RELEASE.jar;C:\Users\James\.m2\repository\com\jayway\jsonpath\json-path\2.2.0\json-path-2.2.0.jar;C:\Users\James\.m2\repository\net\minidev\json-smart\2.2.1\json-smart-2.2.1.jar;C:\Users\James\.m2\repository\net\minidev\accessors-smart\1.1\accessors-smart-1.1.jar;C:\Users\James\.m2\repository\org\ow2\asm\asm\5.0.3\asm-5.0.3.jar;C:\Users\James\.m2\repository\org\slf4j\slf4j-api\1.7.25\slf4j-api-1.7.25.jar;C:\Users\James\.m2\repository\com\google\code\gson\gson\2.8.2\gson-2.8.2.jar;C:\Users\James\.m2\repository\commons-logging\commons-logging\1.2\commons-logging-1.2.jar;C:\Users\James\.m2\repository\org\apache\httpcomponents\httpclient\4.5.5\httpclient-4.5.5.jar;C:\Users\James\.m2\repository\commons-codec\commons-codec\1.10\commons-codec-1.10.jar;C:\Users\James\.m2\repository\org\apache\httpcomponents\httpcore\4.4.9\httpcore-4.4.9.jar;, user.name=James, java.vm.specification.version=1.8, sun.java.command=C:\Users\James\git\gs-rest-service\gs-rest-service2\target\surefire\surefirebooter4622655234198921849.jar C:\Users\James\git\gs-rest-service\gs-rest-service2\target\surefire\surefire7531956256818618509tmp C:\Users\James\git\gs-rest-service\gs-rest-service2\target\surefire\surefire_05770149352367096777tmp, java.home=C:\Program Files\Java\jdk1.8.0_161\jre, sun.arch.data.model=64, user.language=en, java.specification.vendor=Oracle Corporation, awt.toolkit=sun.awt.windows.WToolkit, java.vm.info=mixed mode, java.version=1.8.0_161, java.ext.dirs=C:\Program Files\Java\jdk1.8.0_161\jre\lib\ext;C:\WINDOWS\Sun\Java\lib\ext, sun.boot.class.path=C:\Program Files\Java\jdk1.8.0_161\jre\lib\resources.jar;C:\Program Files\Java\jdk1.8.0_161\jre\lib\rt.jar;C:\Program Files\Java\jdk1.8.0_161\jre\lib\sunrsasign.jar;C:\Program Files\Java\jdk1.8.0_161\jre\lib\jsse.jar;C:\Program Files\Java\jdk1.8.0_161\jre\lib\jce.jar;C:\Program Files\Java\jdk1.8.0_161\jre\lib\charsets.jar;C:\Program Files\Java\jdk1.8.0_161\jre\lib\jfr.jar;C:\Program Files\Java\jdk1.8.0_161\jre\classes, java.vendor=Oracle Corporation, localRepository=C:\Users\James\.m2\repository, file.separator=\, java.vendor.url.bug=http://bugreport.sun.com/bugreport/, sun.io.unicode.encoding=UnicodeLittle, sun.cpu.endian=little, sun.desktop=windows, sun.cpu.isalist=amd64}}, SystemEnvironmentPropertySource@77269878 {name='systemEnvironment', properties={PATH=C:/Program Files/Java/jre1.8.0_161/bin/server;C:/Program Files/Java/jre1.8.0_161/bin;C:/Program Files/Java/jre1.8.0_161/lib/amd64;C:\ProgramData\Oracle\Java\javapath;C:\Program Files (x86)\Intel\iCLS Client\;C:\Program Files\Intel\iCLS Client\;C:\Windows\system32;C:\Windows;C:\Windows\System32\Wbem;C:\Windows\System32\WindowsPowerShell\v1.0\;C:\Program Files\Intel\Intel(R) Management Engine Components\DAL;C:\Program Files (x86)\Intel\Intel(R) Management Engine Components\DAL;C:\Program Files\Intel\Intel(R) Management Engine Components\IPT;C:\Program Files (x86)\Intel\Intel(R) Management Engine Components\IPT;C:\Program Files (x86)\QuickTime\QTSystem\;C:\Program Files (x86)\NVIDIA Corporation\PhysX\Common;C:\WINDOWS\system32;C:\WINDOWS;C:\WINDOWS\System32\Wbem;C:\WINDOWS\System32\WindowsPowerShell\v1.0\;C:\Program Files\dotnet\;C:\Program Files\OpenVPN\bin;C:\Program Files\PuTTY\;C:\Program Files (x86)\Skype\Phone\;C:\Users\James\AppData\Local\Microsoft\WindowsApps;;C:\WINDOWS\system32;, USERDOMAIN_ROAMINGPROFILE=TECH, LOCALAPPDATA=C:\Users\James\AppData\Local, PROCESSOR_LEVEL=6, SYSTEMDRIVE=C:, COMMONPROGRAMFILES(X86)=C:\Program Files (x86)\Common Files, FP_NO_HOST_CHECK=NO, USERDOMAIN=TECH, FPS_BROWSER_APP_PROFILE_STRING=Internet Explorer, LOGONSERVER=\\TECH, PROMPT=$P$G, SESSIONNAME=Console, ALLUSERSPROFILE=C:\ProgramData, PROGRAMFILES(X86)=C:\Program Files (x86), PROCESSOR_ARCHITECTURE=AMD64, PROGRAMFILES=C:\Program Files, =C:=C:\Users\James\git\gs-rest-service\gs-rest-service2, APPDATA=C:\Users\James\AppData\Roaming, PSMODULEPATH=C:\WINDOWS\system32\WindowsPowerShell\v1.0\Modules\;C:\Program Files\Intel\, PROGRAMW6432=C:\Program Files, PROGRAMDATA=C:\ProgramData, SYSTEMROOT=C:\WINDOWS, USERNAME=James, FPS_BROWSER_USER_PROFILE_STRING=Default, ONEDRIVE=C:\Users\James\OneDrive, PATHEXT=.COM;.EXE;.BAT;.CMD;.VBS;.VBE;.JS;.JSE;.WSF;.WSH;.MSC, OS=Windows_NT, COMMONPROGRAMW6432=C:\Program Files\Common Files, COMPUTERNAME=TECH, COMMONPROGRAMFILES=C:\Program Files\Common Files, COMSPEC=C:\WINDOWS\system32\cmd.exe, ADSK_CLM_WPAD_PROXY_CHECK=FALSE, PROCESSOR_REVISION=3c03, CLASSPATH=.;C:\Program Files (x86)\QuickTime\QTSystem\QTJava.zip, WINDIR=C:\WINDOWS, HOMEPATH=\Users\James, TEMP=C:\Users\James\AppData\Local\Temp, HOMEDRIVE=C:, PROCESSOR_IDENTIFIER=Intel64 Family 6 Model 60 Stepping 3, GenuineIntel, USERPROFILE=C:\Users\James, TMP=C:\Users\James\AppData\Local\Temp, PUBLIC=C:\Users\Public, NUMBER_OF_PROCESSORS=4, =::=::\, QTJAVA=C:\Program Files (x86)\QuickTime\QTSystem\QTJava.zip}}]
11:31:41.219 [main] DEBUG org.springframework.core.env.MutablePropertySources - Adding PropertySource 'inline' with highest search precedence
11:31:41.223 [main] DEBUG org.springframework.test.context.support.TestPropertySourceUtils - Adding inlined properties to environment: {spring.jmx.enabled=false, org.springframework.boot.test.context.SpringBootTestContextBootstrapper=true, server.port=-1}
11:31:41.223 [main] DEBUG org.springframework.core.env.StandardEnvironment - Adding PropertySource 'Inlined Test Properties' with highest search precedence

  .   ____          _            __ _ _
 /\\ / ___'_ __ _ _(_)_ __  __ _ \ \ \ \
( ( )\___ | '_ | '_| | '_ \/ _` | \ \ \ \
 \\/  ___)| |_)| | | | | || (_| |  ) ) ) )
  '  |____| .__|_| |_|_| |_\__, | / / / /
 =========|_|==============|___/=/_/_/_/
 :: Spring Boot ::       (v1.5.10.RELEASE)

2018-02-24 11:31:41.506  INFO 2660 --- [           main] hello.GreetingControllerTests            : Starting GreetingControllerTests on Tech with PID 2660 (started by James in C:\Users\James\git\gs-rest-service\gs-rest-service2)
2018-02-24 11:31:41.507  INFO 2660 --- [           main] hello.GreetingControllerTests            : No active profile set, falling back to default profiles: default
2018-02-24 11:31:41.552  INFO 2660 --- [           main] o.s.w.c.s.GenericWebApplicationContext   : Refreshing org.springframework.web.context.support.GenericWebApplicationContext@74455848: startup date [Sat Feb 24 11:31:41 EST 2018]; root of context hierarchy
2018-02-24 11:31:42.445  INFO 2660 --- [           main] o.s.b.t.m.w.SpringBootMockServletContext : Initializing Spring FrameworkServlet ''
2018-02-24 11:31:42.445  INFO 2660 --- [           main] o.s.t.web.servlet.TestDispatcherServlet  : FrameworkServlet '': initialization started
2018-02-24 11:31:42.541  INFO 2660 --- [           main] s.w.s.m.m.a.RequestMappingHandlerMapping : Mapped "{[/greeting]}" onto public hello.Greeting hello.GreetingController.greeting(java.lang.String,java.lang.String) throws org.apache.http.client.ClientProtocolException,java.io.IOException
2018-02-24 11:31:42.546  INFO 2660 --- [           main] s.w.s.m.m.a.RequestMappingHandlerMapping : Mapped "{[/error]}" onto public org.springframework.http.ResponseEntity<java.util.Map<java.lang.String, java.lang.Object>> org.springframework.boot.autoconfigure.web.BasicErrorController.error(javax.servlet.http.HttpServletRequest)
2018-02-24 11:31:42.547  INFO 2660 --- [           main] s.w.s.m.m.a.RequestMappingHandlerMapping : Mapped "{[/error],produces=[text/html]}" onto public org.springframework.web.servlet.ModelAndView org.springframework.boot.autoconfigure.web.BasicErrorController.errorHtml(javax.servlet.http.HttpServletRequest,javax.servlet.http.HttpServletResponse)
2018-02-24 11:31:42.589  INFO 2660 --- [           main] o.s.w.s.handler.SimpleUrlHandlerMapping  : Mapped URL path [/webjars/**] onto handler of type [class org.springframework.web.servlet.resource.ResourceHttpRequestHandler]
2018-02-24 11:31:42.590  INFO 2660 --- [           main] o.s.w.s.handler.SimpleUrlHandlerMapping  : Mapped URL path [/**] onto handler of type [class org.springframework.web.servlet.resource.ResourceHttpRequestHandler]
2018-02-24 11:31:42.606  INFO 2660 --- [           main] o.s.w.s.handler.SimpleUrlHandlerMapping  : Mapped URL path [/**/favicon.ico] onto handler of type [class org.springframework.web.servlet.resource.ResourceHttpRequestHandler]
2018-02-24 11:31:42.762  INFO 2660 --- [           main] s.w.s.m.m.a.RequestMappingHandlerAdapter : Looking for @ControllerAdvice: org.springframework.web.context.support.GenericWebApplicationContext@74455848: startup date [Sat Feb 24 11:31:41 EST 2018]; root of context hierarchy
2018-02-24 11:31:42.850  INFO 2660 --- [           main] o.s.t.web.servlet.TestDispatcherServlet  : FrameworkServlet '': initialization completed in 405 ms
2018-02-24 11:31:43.026  INFO 2660 --- [           main] hello.GreetingControllerTests            : Started GreetingControllerTests in 1.794 seconds (JVM running for 2.439)
executing request https://api.weather.gov/points/38.803328,-77.039026/forecast
Error 500 for URL https://api.weather.gov/points/38.803328,-77.039026/forecast

MockHttpServletRequest:
      HTTP Method = GET
      Request URI = /greeting
       Parameters = {}
          Headers = {}

Handler:
             Type = hello.GreetingController
           Method = public hello.Greeting hello.GreetingController.greeting(java.lang.String,java.lang.String) throws org.apache.http.client.ClientProtocolException,java.io.IOException

Async:
    Async started = false
     Async result = null

Resolved Exception:
             Type = null

ModelAndView:
        View name = null
             View = null
            Model = null

FlashMap:
       Attributes = null

MockHttpServletResponse:
           Status = 200
    Error message = null
          Headers = {Content-Type=[application/json;charset=UTF-8]}
     Content type = application/json;charset=UTF-8
             Body = {"id":1,"validResponse":1,"tdyDesc":null,"tdyHigh":0.0,"tdyLow":0.0,"tmwDesc":null,"tmwHigh":0.0,"tmwLow":0.0}
    Forwarded URL = null
   Redirected URL = null
          Cookies = []

MockHttpServletRequest:
      HTTP Method = GET
      Request URI = /greeting
       Parameters = {}
          Headers = {}

Handler:
             Type = hello.GreetingController
           Method = public hello.Greeting hello.GreetingController.greeting(java.lang.String,java.lang.String) throws org.apache.http.client.ClientProtocolException,java.io.IOException

Async:
    Async started = false
     Async result = null

Resolved Exception:
             Type = null

ModelAndView:
        View name = null
             View = null
            Model = null

FlashMap:
       Attributes = null

MockHttpServletResponse:
           Status = 200
    Error message = null
          Headers = {Content-Type=[application/json;charset=UTF-8]}
     Content type = application/json;charset=UTF-8
             Body = {"id":1,"validResponse":1,"tdyDesc":null,"tdyHigh":0.0,"tdyLow":0.0,"tmwDesc":null,"tmwHigh":0.0,"tmwLow":0.0}
    Forwarded URL = null
   Redirected URL = null
          Cookies = []
]]></system-out>
  </testcase>
  <testcase name="paramGreetingShouldReturnTailoredMessage" classname="hello.GreetingControllerTests" time="0.606">
    <failure message="No value at JSON path &quot;$.content&quot;, exception: No results for path: $[&apos;content&apos;]" type="java.lang.AssertionError">java.lang.AssertionError: No value at JSON path "$.content", exception: No results for path: $['content']
	at org.springframework.test.util.JsonPathExpectationsHelper.evaluateJsonPath(JsonPathExpectationsHelper.java:245)
	at org.springframework.test.util.JsonPathExpectationsHelper.assertValue(JsonPathExpectationsHelper.java:99)
	at org.springframework.test.web.servlet.result.JsonPathResultMatchers$2.match(JsonPathResultMatchers.java:100)
	at org.springframework.test.web.servlet.MockMvc$1.andExpect(MockMvc.java:171)
	at hello.GreetingControllerTests.paramGreetingShouldReturnTailoredMessage(GreetingControllerTests.java:51)
</failure>
    <system-out><![CDATA[executing request https://api.weather.gov/points/38.803328,-77.039026/forecast
Error 500 for URL https://api.weather.gov/points/38.803328,-77.039026/forecast

MockHttpServletRequest:
      HTTP Method = GET
      Request URI = /greeting
       Parameters = {name=[Spring Community]}
          Headers = {}

Handler:
             Type = hello.GreetingController
           Method = public hello.Greeting hello.GreetingController.greeting(java.lang.String,java.lang.String) throws org.apache.http.client.ClientProtocolException,java.io.IOException

Async:
    Async started = false
     Async result = null

Resolved Exception:
             Type = null

ModelAndView:
        View name = null
             View = null
            Model = null

FlashMap:
       Attributes = null

MockHttpServletResponse:
           Status = 200
    Error message = null
          Headers = {Content-Type=[application/json;charset=UTF-8]}
     Content type = application/json;charset=UTF-8
             Body = {"id":2,"validResponse":2,"tdyDesc":null,"tdyHigh":0.0,"tdyLow":0.0,"tmwDesc":null,"tmwHigh":0.0,"tmwLow":0.0}
    Forwarded URL = null
   Redirected URL = null
          Cookies = []

MockHttpServletRequest:
      HTTP Method = GET
      Request URI = /greeting
       Parameters = {}
          Headers = {}

Handler:
             Type = hello.GreetingController
           Method = public hello.Greeting hello.GreetingController.greeting(java.lang.String,java.lang.String) throws org.apache.http.client.ClientProtocolException,java.io.IOException

Async:
    Async started = false
     Async result = null

Resolved Exception:
             Type = null

ModelAndView:
        View name = null
             View = null
            Model = null

FlashMap:
       Attributes = null

MockHttpServletResponse:
           Status = 200
    Error message = null
          Headers = {Content-Type=[application/json;charset=UTF-8]}
     Content type = application/json;charset=UTF-8
             Body = {"id":1,"validResponse":1,"tdyDesc":null,"tdyHigh":0.0,"tdyLow":0.0,"tmwDesc":null,"tmwHigh":0.0,"tmwLow":0.0}
    Forwarded URL = null
   Redirected URL = null
          Cookies = []

MockHttpServletRequest:
      HTTP Method = GET
      Request URI = /greeting
       Parameters = {name=[Spring Community]}
          Headers = {}

Handler:
             Type = hello.GreetingController
           Method = public hello.Greeting hello.GreetingController.greeting(java.lang.String,java.lang.String) throws org.apache.http.client.ClientProtocolException,java.io.IOException

Async:
    Async started = false
     Async result = null

Resolved Exception:
             Type = null

ModelAndView:
        View name = null
             View = null
            Model = null

FlashMap:
       Attributes = null

MockHttpServletResponse:
           Status = 200
    Error message = null
          Headers = {Content-Type=[application/json;charset=UTF-8]}
     Content type = application/json;charset=UTF-8
             Body = {"id":2,"validResponse":2,"tdyDesc":null,"tdyHigh":0.0,"tdyLow":0.0,"tmwDesc":null,"tmwHigh":0.0,"tmwLow":0.0}
    Forwarded URL = null
   Redirected URL = null
          Cookies = []
]]></system-out>
  </testcase>
</testsuite>